# JRE version: Java(TM) SE Runtime Environment (8.0_144-b01) (build 1.8.0_144-b01)
# Java VM: Java HotSpot(TM) 64-Bit Server VM (25.144-b01 mixed mode bsd-amd64 compressed oops)
Heap:
 PSYoungGen      total 272896K, used 241260K [0x000000076ab00000, 0x000000077f280000, 0x00000007c0000000)
  eden space 262144K, 92% used [0x000000076ab00000,0x000000077969b2a0,0x000000077ab00000)
  from space 10752K, 0% used [0x000000077ab00000,0x000000077ab00000,0x000000077b580000)
  to   space 18432K, 0% used [0x000000077e080000,0x000000077e080000,0x000000077f280000)
 ParOldGen       total 180224K, used 23101K [0x00000006c0000000, 0x00000006cb000000, 0x000000076ab00000)
  object space 180224K, 12% used [0x00000006c0000000,0x00000006c168f680,0x00000006cb000000)
 Metaspace       used 42101K, capacity 42696K, committed 43048K, reserved 1087488K
  class space    used 5214K, capacity 5368K, committed 5424K, reserved 1048576K
GC Heap History (10 events):
Event: 5.511 GC heap before
{Heap before GC invocations=3 (full 0):
 PSYoungGen      total 141824K, used 119324K [0x000000076ab00000, 0x0000000774000000, 0x00000007c0000000)
  eden space 131072K, 83% used [0x000000076ab00000,0x00000007715daa58,0x0000000772b00000)
  from space 10752K, 92% used [0x0000000773580000,0x0000000773f2c768,0x0000000774000000)
  to   space 10752K, 0% used [0x0000000772b00000,0x0000000772b00000,0x0000000773580000)
 ParOldGen       total 175104K, used 80K [0x00000006c0000000, 0x00000006cab00000, 0x000000076ab00000)
  object space 175104K, 0% used [0x00000006c0000000,0x00000006c0014010,0x00000006cab00000)
 Metaspace       used 20851K, capacity 21138K, committed 21296K, reserved 1069056K
  class space    used 2491K, capacity 2573K, committed 2608K, reserved 1048576K
Event: 5.530 GC heap after
Heap after GC invocations=3 (full 0):
 PSYoungGen      total 141824K, used 9760K [0x000000076ab00000, 0x000000077c000000, 0x00000007c0000000)
  eden space 131072K, 0% used [0x000000076ab00000,0x000000076ab00000,0x0000000772b00000)
  from space 10752K, 90% used [0x0000000772b00000,0x0000000773488128,0x0000000773580000)
  to   space 10752K, 0% used [0x000000077b580000,0x000000077b580000,0x000000077c000000)
 ParOldGen       total 175104K, used 96K [0x00000006c0000000, 0x00000006cab00000, 0x000000076ab00000)
  object space 175104K, 0% used [0x00000006c0000000,0x00000006c0018010,0x00000006cab00000)
 Metaspace       used 20851K, capacity 21138K, committed 21296K, reserved 1069056K
  class space    used 2491K, capacity 2573K, committed 2608K, reserved 1048576K
}
Event: 5.530 GC heap before
{Heap before GC invocations=4 (full 1):
 PSYoungGen      total 141824K, used 9760K [0x000000076ab00000, 0x000000077c000000, 0x00000007c0000000)
  eden space 131072K, 0% used [0x000000076ab00000,0x000000076ab00000,0x0000000772b00000)
  from space 10752K, 90% used [0x0000000772b00000,0x0000000773488128,0x0000000773580000)
  to   space 10752K, 0% used [0x000000077b580000,0x000000077b580000,0x000000077c000000)
 ParOldGen       total 175104K, used 96K [0x00000006c0000000, 0x00000006cab00000, 0x000000076ab00000)
  object space 175104K, 0% used [0x00000006c0000000,0x00000006c0018010,0x00000006cab00000)
 Metaspace       used 20851K, capacity 21138K, committed 21296K, reserved 1069056K
  class space    used 2491K, capacity 2573K, committed 2608K, reserved 1048576K
Event: 5.586 GC heap after
Heap after GC invocations=4 (full 1):
 PSYoungGen      total 141824K, used 0K [0x000000076ab00000, 0x000000077c000000, 0x00000007c0000000)
  eden space 131072K, 0% used [0x000000076ab00000,0x000000076ab00000,0x0000000772b00000)
  from space 10752K, 0% used [0x0000000772b00000,0x0000000772b00000,0x0000000773580000)
  to   space 10752K, 0% used [0x000000077b580000,0x000000077b580000,0x000000077c000000)
 ParOldGen       total 107008K, used 9542K [0x00000006c0000000, 0x00000006c6880000, 0x000000076ab00000)
  object space 107008K, 8% used [0x00000006c0000000,0x00000006c0951bd0,0x00000006c6880000)
 Metaspace       used 20851K, capacity 21138K, committed 21296K, reserved 1069056K
  class space    used 2491K, capacity 2573K, committed 2608K, reserved 1048576K
}
Event: 8.245 GC heap before
{Heap before GC invocations=5 (full 1):
 PSYoungGen      total 141824K, used 131072K [0x000000076ab00000, 0x000000077c000000, 0x00000007c0000000)
  eden space 131072K, 100% used [0x000000076ab00000,0x0000000772b00000,0x0000000772b00000)
  from space 10752K, 0% used [0x0000000772b00000,0x0000000772b00000,0x0000000773580000)
  to   space 10752K, 0% used [0x000000077b580000,0x000000077b580000,0x000000077c000000)
 ParOldGen       total 107008K, used 9542K [0x00000006c0000000, 0x00000006c6880000, 0x000000076ab00000)
  object space 107008K, 8% used [0x00000006c0000000,0x00000006c0951bd0,0x00000006c6880000)
 Metaspace       used 27895K, capacity 28264K, committed 28592K, reserved 1075200K
  class space    used 3404K, capacity 3485K, committed 3504K, reserved 1048576K
Event: 8.269 GC heap after
Heap after GC invocations=5 (full 1):
 PSYoungGen      total 207872K, used 10750K [0x000000076ab00000, 0x000000077c000000, 0x00000007c0000000)
  eden space 197120K, 0% used [0x000000076ab00000,0x000000076ab00000,0x0000000776b80000)
  from space 10752K, 99% used [0x000000077b580000,0x000000077bfffba0,0x000000077c000000)
  to   space 10752K, 0% used [0x000000077ab00000,0x000000077ab00000,0x000000077b580000)
 ParOldGen       total 107008K, used 11840K [0x00000006c0000000, 0x00000006c6880000, 0x000000076ab00000)
  object space 107008K, 11% used [0x00000006c0000000,0x00000006c0b90068,0x00000006c6880000)
 Metaspace       used 27895K, capacity 28264K, committed 28592K, reserved 1075200K
  class space    used 3404K, capacity 3485K, committed 3504K, reserved 1048576K
}
Event: 10.674 GC heap before
{Heap before GC invocations=6 (full 1):
 PSYoungGen      total 207872K, used 153346K [0x000000076ab00000, 0x000000077c000000, 0x00000007c0000000)
  eden space 197120K, 72% used [0x000000076ab00000,0x0000000773640cf0,0x0000000776b80000)
  from space 10752K, 99% used [0x000000077b580000,0x000000077bfffba0,0x000000077c000000)
  to   space 10752K, 0% used [0x000000077ab00000,0x000000077ab00000,0x000000077b580000)
 ParOldGen       total 107008K, used 11840K [0x00000006c0000000, 0x00000006c6880000, 0x000000076ab00000)
  object space 107008K, 11% used [0x00000006c0000000,0x00000006c0b90068,0x00000006c6880000)
 Metaspace       used 34868K, capacity 35340K, committed 35496K, reserved 1081344K
  class space    used 4343K, capacity 4514K, committed 4528K, reserved 1048576K
Event: 10.702 GC heap after
Heap after GC invocations=6 (full 1):
 PSYoungGen      total 272896K, used 10730K [0x000000076ab00000, 0x000000077f280000, 0x00000007c0000000)
  eden space 262144K, 0% used [0x000000076ab00000,0x000000076ab00000,0x000000077ab00000)
  from space 10752K, 99% used [0x000000077ab00000,0x000000077b57aab8,0x000000077b580000)
  to   space 18432K, 0% used [0x000000077e080000,0x000000077e080000,0x000000077f280000)
 ParOldGen       total 107008K, used 18319K [0x00000006c0000000, 0x00000006c6880000, 0x000000076ab00000)
  object space 107008K, 17% used [0x00000006c0000000,0x00000006c11e3dc8,0x00000006c6880000)
 Metaspace       used 34868K, capacity 35340K, committed 35496K, reserved 1081344K
  class space    used 4343K, capacity 4514K, committed 4528K, reserved 1048576K
}
Event: 10.702 GC heap before
{Heap before GC invocations=7 (full 2):
 PSYoungGen      total 272896K, used 10730K [0x000000076ab00000, 0x000000077f280000, 0x00000007c0000000)
  eden space 262144K, 0% used [0x000000076ab00000,0x000000076ab00000,0x000000077ab00000)
  from space 10752K, 99% used [0x000000077ab00000,0x000000077b57aab8,0x000000077b580000)
  to   space 18432K, 0% used [0x000000077e080000,0x000000077e080000,0x000000077f280000)
 ParOldGen       total 107008K, used 18319K [0x00000006c0000000, 0x00000006c6880000, 0x000000076ab00000)
  object space 107008K, 17% used [0x00000006c0000000,0x00000006c11e3dc8,0x00000006c6880000)
 Metaspace       used 34868K, capacity 35340K, committed 35496K, reserved 1081344K
  class space    used 4343K, capacity 4514K, committed 4528K, reserved 1048576K
Event: 10.785 GC heap after
Heap after GC invocations=7 (full 2):
 PSYoungGen      total 272896K, used 0K [0x000000076ab00000, 0x000000077f280000, 0x00000007c0000000)
  eden space 262144K, 0% used [0x000000076ab00000,0x000000076ab00000,0x000000077ab00000)
  from space 10752K, 0% used [0x000000077ab00000,0x000000077ab00000,0x000000077b580000)
  to   space 18432K, 0% used [0x000000077e080000,0x000000077e080000,0x000000077f280000)
 ParOldGen       total 180224K, used 23101K [0x00000006c0000000, 0x00000006cb000000, 0x000000076ab00000)
  object space 180224K, 12% used [0x00000006c0000000,0x00000006c168f680,0x00000006cb000000)
 Metaspace       used 34868K, capacity 35340K, committed 35496K, reserved 1081344K
  class space    used 4343K, capacity 4514K, committed 4528K, reserved 1048576K
}

