# JRE version: Java(TM) SE Runtime Environment (8.0_144-b01) (build 1.8.0_144-b01)
# Java VM: Java HotSpot(TM) 64-Bit Server VM (25.144-b01 mixed mode bsd-amd64 compressed oops)
Heap:
 PSYoungGen      total 175104K, used 40669K [0x000000076ab00000, 0x0000000779900000, 0x00000007c0000000)
  eden space 159744K, 20% used [0x000000076ab00000,0x000000076cae4f38,0x0000000774700000)
  from space 15360K, 52% used [0x0000000774700000,0x0000000774ed2618,0x0000000775600000)
  to   space 14848K, 0% used [0x0000000778a80000,0x0000000778a80000,0x0000000779900000)
 ParOldGen       total 148992K, used 21377K [0x00000006c0000000, 0x00000006c9180000, 0x000000076ab00000)
  object space 148992K, 14% used [0x00000006c0000000,0x00000006c14e05b0,0x00000006c9180000)
 Metaspace       used 38708K, capacity 39244K, committed 39680K, reserved 1083392K
  class space    used 4844K, capacity 5010K, committed 5120K, reserved 1048576K
GC Heap History (10 events):
Event: 15.512 GC heap before
{Heap before GC invocations=7 (full 1):
 PSYoungGen      total 76288K, used 70257K [0x000000076ab00000, 0x0000000772600000, 0x00000007c0000000)
  eden space 65536K, 100% used [0x000000076ab00000,0x000000076eb00000,0x000000076eb00000)
  from space 10752K, 43% used [0x000000076eb00000,0x000000076ef9c448,0x000000076f580000)
  to   space 10240K, 0% used [0x0000000771c00000,0x0000000771c00000,0x0000000772600000)
 ParOldGen       total 95744K, used 7437K [0x00000006c0000000, 0x00000006c5d80000, 0x000000076ab00000)
  object space 95744K, 7% used [0x00000006c0000000,0x00000006c07437e0,0x00000006c5d80000)
 Metaspace       used 26417K, capacity 26792K, committed 27136K, reserved 1073152K
  class space    used 3213K, capacity 3293K, committed 3328K, reserved 1048576K
Event: 15.523 GC heap after
Heap after GC invocations=7 (full 1):
 PSYoungGen      total 111616K, used 5567K [0x000000076ab00000, 0x0000000772400000, 0x00000007c0000000)
  eden space 103424K, 0% used [0x000000076ab00000,0x000000076ab00000,0x0000000771000000)
  from space 8192K, 67% used [0x0000000771c00000,0x000000077216fc40,0x0000000772400000)
  to   space 10240K, 0% used [0x0000000771000000,0x0000000771000000,0x0000000771a00000)
 ParOldGen       total 95744K, used 7445K [0x00000006c0000000, 0x00000006c5d80000, 0x000000076ab00000)
  object space 95744K, 7% used [0x00000006c0000000,0x00000006c07457e0,0x00000006c5d80000)
 Metaspace       used 26417K, capacity 26792K, committed 27136K, reserved 1073152K
  class space    used 3213K, capacity 3293K, committed 3328K, reserved 1048576K
}
Event: 18.068 GC heap before
{Heap before GC invocations=8 (full 1):
 PSYoungGen      total 111616K, used 108991K [0x000000076ab00000, 0x0000000772400000, 0x00000007c0000000)
  eden space 103424K, 100% used [0x000000076ab00000,0x0000000771000000,0x0000000771000000)
  from space 8192K, 67% used [0x0000000771c00000,0x000000077216fc40,0x0000000772400000)
  to   space 10240K, 0% used [0x0000000771000000,0x0000000771000000,0x0000000771a00000)
 ParOldGen       total 95744K, used 7445K [0x00000006c0000000, 0x00000006c5d80000, 0x000000076ab00000)
  object space 95744K, 7% used [0x00000006c0000000,0x00000006c07457e0,0x00000006c5d80000)
 Metaspace       used 30725K, capacity 31082K, committed 31360K, reserved 1077248K
  class space    used 3736K, capacity 3880K, committed 3968K, reserved 1048576K
Event: 18.087 GC heap after
Heap after GC invocations=8 (full 1):
 PSYoungGen      total 113664K, used 10208K [0x000000076ab00000, 0x0000000776280000, 0x00000007c0000000)
  eden space 103424K, 0% used [0x000000076ab00000,0x000000076ab00000,0x0000000771000000)
  from space 10240K, 99% used [0x0000000771000000,0x00000007719f8248,0x0000000771a00000)
  to   space 12800K, 0% used [0x0000000775600000,0x0000000775600000,0x0000000776280000)
 ParOldGen       total 95744K, used 10104K [0x00000006c0000000, 0x00000006c5d80000, 0x000000076ab00000)
  object space 95744K, 10% used [0x00000006c0000000,0x00000006c09de2d8,0x00000006c5d80000)
 Metaspace       used 30725K, capacity 31082K, committed 31360K, reserved 1077248K
  class space    used 3736K, capacity 3880K, committed 3968K, reserved 1048576K
}
Event: 19.144 GC heap before
{Heap before GC invocations=9 (full 1):
 PSYoungGen      total 113664K, used 55456K [0x000000076ab00000, 0x0000000776280000, 0x00000007c0000000)
  eden space 103424K, 43% used [0x000000076ab00000,0x000000076d730150,0x0000000771000000)
  from space 10240K, 99% used [0x0000000771000000,0x00000007719f8248,0x0000000771a00000)
  to   space 12800K, 0% used [0x0000000775600000,0x0000000775600000,0x0000000776280000)
 ParOldGen       total 95744K, used 10104K [0x00000006c0000000, 0x00000006c5d80000, 0x000000076ab00000)
  object space 95744K, 10% used [0x00000006c0000000,0x00000006c09de2d8,0x00000006c5d80000)
 Metaspace       used 34787K, capacity 35270K, committed 35496K, reserved 1081344K
  class space    used 4327K, capacity 4513K, committed 4608K, reserved 1048576K
Event: 19.163 GC heap after
Heap after GC invocations=9 (full 1):
 PSYoungGen      total 172544K, used 12790K [0x000000076ab00000, 0x0000000776e00000, 0x00000007c0000000)
  eden space 159744K, 0% used [0x000000076ab00000,0x000000076ab00000,0x0000000774700000)
  from space 12800K, 99% used [0x0000000775600000,0x000000077627dab8,0x0000000776280000)
  to   space 15360K, 0% used [0x0000000774700000,0x0000000774700000,0x0000000775600000)
 ParOldGen       total 95744K, used 12497K [0x00000006c0000000, 0x00000006c5d80000, 0x000000076ab00000)
  object space 95744K, 13% used [0x00000006c0000000,0x00000006c0c34470,0x00000006c5d80000)
 Metaspace       used 34787K, capacity 35270K, committed 35496K, reserved 1081344K
  class space    used 4327K, capacity 4513K, committed 4608K, reserved 1048576K
}
Event: 19.163 GC heap before
{Heap before GC invocations=10 (full 2):
 PSYoungGen      total 172544K, used 12790K [0x000000076ab00000, 0x0000000776e00000, 0x00000007c0000000)
  eden space 159744K, 0% used [0x000000076ab00000,0x000000076ab00000,0x0000000774700000)
  from space 12800K, 99% used [0x0000000775600000,0x000000077627dab8,0x0000000776280000)
  to   space 15360K, 0% used [0x0000000774700000,0x0000000774700000,0x0000000775600000)
 ParOldGen       total 95744K, used 12497K [0x00000006c0000000, 0x00000006c5d80000, 0x000000076ab00000)
  object space 95744K, 13% used [0x00000006c0000000,0x00000006c0c34470,0x00000006c5d80000)
 Metaspace       used 34787K, capacity 35270K, committed 35496K, reserved 1081344K
  class space    used 4327K, capacity 4513K, committed 4608K, reserved 1048576K
Event: 19.241 GC heap after
Heap after GC invocations=10 (full 2):
 PSYoungGen      total 172544K, used 0K [0x000000076ab00000, 0x0000000776e00000, 0x00000007c0000000)
  eden space 159744K, 0% used [0x000000076ab00000,0x000000076ab00000,0x0000000774700000)
  from space 12800K, 0% used [0x0000000775600000,0x0000000775600000,0x0000000776280000)
  to   space 15360K, 0% used [0x0000000774700000,0x0000000774700000,0x0000000775600000)
 ParOldGen       total 148992K, used 21369K [0x00000006c0000000, 0x00000006c9180000, 0x000000076ab00000)
  object space 148992K, 14% used [0x00000006c0000000,0x00000006c14de5b0,0x00000006c9180000)
 Metaspace       used 34787K, capacity 35270K, committed 35496K, reserved 1081344K
  class space    used 4327K, capacity 4513K, committed 4608K, reserved 1048576K
}
Event: 21.669 GC heap before
{Heap before GC invocations=11 (full 2):
 PSYoungGen      total 172544K, used 159744K [0x000000076ab00000, 0x0000000776e00000, 0x00000007c0000000)
  eden space 159744K, 100% used [0x000000076ab00000,0x0000000774700000,0x0000000774700000)
  from space 12800K, 0% used [0x0000000775600000,0x0000000775600000,0x0000000776280000)
  to   space 15360K, 0% used [0x0000000774700000,0x0000000774700000,0x0000000775600000)
 ParOldGen       total 148992K, used 21369K [0x00000006c0000000, 0x00000006c9180000, 0x000000076ab00000)
  object space 148992K, 14% used [0x00000006c0000000,0x00000006c14de5b0,0x00000006c9180000)
 Metaspace       used 38198K, capacity 38668K, committed 39040K, reserved 1083392K
  class space    used 4785K, capacity 4946K, committed 4992K, reserved 1048576K
Event: 21.686 GC heap after
Heap after GC invocations=11 (full 2):
 PSYoungGen      total 175104K, used 8009K [0x000000076ab00000, 0x0000000779900000, 0x00000007c0000000)
  eden space 159744K, 0% used [0x000000076ab00000,0x000000076ab00000,0x0000000774700000)
  from space 15360K, 52% used [0x0000000774700000,0x0000000774ed2618,0x0000000775600000)
  to   space 14848K, 0% used [0x0000000778a80000,0x0000000778a80000,0x0000000779900000)
 ParOldGen       total 148992K, used 21377K [0x00000006c0000000, 0x00000006c9180000, 0x000000076ab00000)
  object space 148992K, 14% used [0x00000006c0000000,0x00000006c14e05b0,0x00000006c9180000)
 Metaspace       used 38198K, capacity 38668K, committed 39040K, reserved 1083392K
  class space    used 4785K, capacity 4946K, committed 4992K, reserved 1048576K
}

